==========================================
SLURM_JOB_ID = 677517
SLURM_NODELIST = gnode22
SLURM_JOB_GPUS = 
==========================================
stty: 'standard input': Inappropriate ioctl for device
Error: no DISPLAY environment variable specified
  0%|          | 0/984 [00:00<?, ?it/s]100%|██████████| 984/984 [00:00<00:00, 103967.43it/s]
  0%|          | 0/984 [00:00<?, ?it/s]100%|██████████| 984/984 [00:00<00:00, 117889.55it/s]
  0%|          | 0/984 [00:00<?, ?it/s]100%|██████████| 984/984 [00:00<00:00, 119035.39it/s]
  0%|          | 0/984 [00:00<?, ?it/s]100%|██████████| 984/984 [00:00<00:00, 120568.93it/s]
Warning in <TTree::Bronch>: Using split mode on a class: TRootWeight with a custom Streamer
** [----------------------------------------------------------------] (0.02%)** [################################################################] (100.00%)
Error in cling::AutoLoadingVisitor::InsertIntoAutoLoadingState:
   Missing FileEntry for ExRootAnalysis/ExRootTreeReader.h
   requested to autoload type ExRootTreeReader
Error in cling::AutoLoadingVisitor::InsertIntoAutoLoadingState:
   Missing FileEntry for ExRootAnalysis/ExRootTreeWriter.h
   requested to autoload type ExRootTreeWriter
Error in cling::AutoLoadingVisitor::InsertIntoAutoLoadingState:
   Missing FileEntry for ExRootAnalysis/ExRootTreeBranch.h
   requested to autoload type ExRootTreeBranch
Error in cling::AutoLoadingVisitor::InsertIntoAutoLoadingState:
   Missing FileEntry for ExRootAnalysis/ExRootResult.h
   requested to autoload type ExRootResult
Error in cling::AutoLoadingVisitor::InsertIntoAutoLoadingState:
   Missing FileEntry for ExRootAnalysis/ExRootClassifier.h
   requested to autoload type ExRootClassifier
Error in cling::AutoLoadingVisitor::InsertIntoAutoLoadingState:
   Missing FileEntry for ExRootAnalysis/ExRootFilter.h
   requested to autoload type ExRootFilter
Error in cling::AutoLoadingVisitor::InsertIntoAutoLoadingState:
   Missing FileEntry for ExRootAnalysis/ExRootProgressBar.h
   requested to autoload type ExRootProgressBar
Error in cling::AutoLoadingVisitor::InsertIntoAutoLoadingState:
   Missing FileEntry for ExRootAnalysis/ExRootConfReader.h
   requested to autoload type ExRootConfParam
Error in cling::AutoLoadingVisitor::InsertIntoAutoLoadingState:
   Missing FileEntry for ExRootAnalysis/ExRootConfReader.h
   requested to autoload type ExRootConfReader
Error in cling::AutoLoadingVisitor::InsertIntoAutoLoadingState:
   Missing FileEntry for ExRootAnalysis/ExRootTask.h
   requested to autoload type ExRootTask
